<?xml version="1.0" encoding="UTF-8"?>
<!-- Generated by org.testng.reporters.JUnitReportReporter -->
<testsuite hostname="AbhiSneh" failures="0" tests="1" name="com.qa.tests.PostAPItest" time="1.077" errors="0" timestamp="2021-08-03T01:33:29 CEST" skipped="0">
  <testcase classname="com.qa.tests.PostAPItest" name="postapimethod" time="1.077"/>
  <system-out/>
</testsuite> <!-- com.qa.tests.PostAPItest -->
