<?xml version="1.0" encoding="UTF-8"?>
<!-- Generated by org.testng.reporters.JUnitReportReporter -->
<testsuite hostname="AbhiSneh" failures="0" tests="1" name="com.qa.tests.GetAPITest" time="1.101" errors="0" timestamp="2021-08-03T01:37:19 CEST" skipped="0">
  <testcase classname="com.qa.tests.GetAPITest" name="getAPI" time="1.101"/>
  <system-out/>
</testsuite> <!-- com.qa.tests.GetAPITest -->
